[14:58:16] [ServerMain/INFO]: Environment: Environment[sessionHost=https://sessionserver.mojang.com, servicesHost=https://api.minecraftservices.com, name=PROD]
[14:58:18] [ServerMain/INFO]: No existing world data, creating new world
[14:58:19] [ServerMain/INFO]: Loaded 1290 recipes
[14:58:20] [ServerMain/INFO]: Loaded 1399 advancements
[14:58:20] [Server thread/INFO]: Starting minecraft server version 1.21.1
[14:58:20] [Server thread/INFO]: Loading properties
[14:58:20] [Server thread/INFO]: Default game type: SURVIVAL
[14:58:20] [Server thread/INFO]: Generating keypair
[14:58:20] [Server thread/INFO]: Starting Minecraft server on *:25565
[14:58:21] [Server thread/INFO]: Using epoll channel type
[14:58:21] [Server thread/WARN]: **** SERVER IS RUNNING IN OFFLINE/INSECURE MODE!
[14:58:21] [Server thread/WARN]: The server will make no attempt to authenticate usernames. Beware.
[14:58:21] [Server thread/WARN]: While this makes the game possible to play without internet access, it also opens up the ability for hackers to connect with any username they choose.
[14:58:21] [Server thread/WARN]: To change this, set "online-mode" to "true" in the server.properties file.
[14:58:21] [Server thread/INFO]: Preparing level "world"
[14:58:35] [Server thread/INFO]: Preparing start region for dimension minecraft:overworld
[14:58:36] [Worker-Main-1/INFO]: Preparing spawn area: 2%
[14:58:36] [Worker-Main-1/INFO]: Preparing spawn area: 2%
[14:58:37] [Worker-Main-1/INFO]: Preparing spawn area: 2%
[14:58:37] [Worker-Main-1/INFO]: Preparing spawn area: 2%
[14:58:38] [Worker-Main-1/INFO]: Preparing spawn area: 2%
[14:58:38] [Worker-Main-1/INFO]: Preparing spawn area: 2%
[14:58:39] [Worker-Main-1/INFO]: Preparing spawn area: 2%
[14:58:39] [Worker-Main-1/INFO]: Preparing spawn area: 2%
[14:58:39] [Worker-Main-1/INFO]: Preparing spawn area: 2%
[14:58:40] [Worker-Main-1/INFO]: Preparing spawn area: 2%
[14:58:41] [Worker-Main-1/INFO]: Preparing spawn area: 2%
[14:58:41] [Worker-Main-1/INFO]: Preparing spawn area: 2%
[14:58:41] [Worker-Main-1/INFO]: Preparing spawn area: 2%
[14:58:42] [Worker-Main-1/INFO]: Preparing spawn area: 2%
[14:58:43] [Worker-Main-1/INFO]: Preparing spawn area: 2%
[14:58:43] [Worker-Main-1/INFO]: Preparing spawn area: 2%
[14:58:43] [Worker-Main-1/INFO]: Preparing spawn area: 2%
[14:58:44] [Worker-Main-1/INFO]: Preparing spawn area: 2%
[14:58:45] [Worker-Main-1/INFO]: Preparing spawn area: 2%
[14:58:45] [Worker-Main-1/INFO]: Preparing spawn area: 2%
[14:58:46] [Worker-Main-1/INFO]: Preparing spawn area: 2%
[14:58:46] [Worker-Main-1/INFO]: Preparing spawn area: 2%
[14:58:47] [Worker-Main-1/INFO]: Preparing spawn area: 2%
[14:58:47] [Worker-Main-1/INFO]: Preparing spawn area: 2%
[14:58:48] [Worker-Main-1/INFO]: Preparing spawn area: 2%
[14:58:48] [Worker-Main-1/INFO]: Preparing spawn area: 2%
[14:58:48] [Worker-Main-1/INFO]: Preparing spawn area: 2%
[14:58:49] [Worker-Main-1/INFO]: Preparing spawn area: 2%
[14:58:50] [Worker-Main-1/INFO]: Preparing spawn area: 4%
[14:58:50] [Worker-Main-1/INFO]: Preparing spawn area: 63%
[14:58:50] [Server thread/INFO]: Time elapsed: 14721 ms
[14:58:50] [Server thread/INFO]: Done (29.561s)! For help, type "help"
[14:59:00] [Server thread/INFO]: MrIMirror[/127.49.86.187:54555] logged in with entity id 41 at (10.5, 71.0, 1.5)
[14:59:00] [Server thread/INFO]: MrIMirror joined the game
[14:59:10] [Server thread/WARN]: MrIMirror moved too quickly! -9.872560796742325,1.0,-1.7426450767560717
[14:59:10] [Server thread/WARN]: Can't keep up! Is the server overloaded? Running 3006ms or 60 ticks behind
[14:59:22] [Server thread/INFO]: Made MrIMirror a server operator
[14:59:24] [Server thread/INFO]: [MrIMirror: Set own game mode to Creative Mode]
[15:00:41] [Server thread/INFO]: Locating element minecraft:plains took 77 ms
[15:00:43] [Server thread/INFO]: [MrIMirror: Teleported MrIMirror to 423.500000, 80.000000, -326.500000]
[15:00:46] [Server thread/WARN]: Can't keep up! Is the server overloaded? Running 3135ms or 62 ticks behind
[15:02:14] [Server thread/INFO]: Locating element minecraft:mangrove_swamp took 1863 ms
[15:02:14] [Server thread/WARN]: MrIMirror moved too quickly! 8.271035619966653,0.0,5.845824819604559
[15:02:16] [Server thread/INFO]: [MrIMirror: Teleported MrIMirror to 2743.500000, 81.000000, 344.500000]
[15:02:20] [Server thread/WARN]: MrIMirror moved too quickly! 0.0,-10.806526110008988,0.0
[15:02:20] [Server thread/WARN]: Can't keep up! Is the server overloaded? Running 3252ms or 65 ticks behind
[15:04:41] [Server thread/INFO]: [MrIMirror: Set the time to 18000]
[15:05:11] [Server thread/INFO]: MrIMirror lost connection: Disconnected
[15:05:11] [Server thread/INFO]: MrIMirror left the game
[15:05:23] [Server thread/INFO]: Incorrect argument for command
[15:05:23] [Server thread/INFO]: stop <--[HERE]
[15:05:37] [Server thread/INFO]: Incorrect argument for command
[15:05:37] [Server thread/INFO]: stop <--[HERE]
